#
# A fatal error has been detected by the Java Runtime Environment:
#
#  Internal Error (oopMapCache.cpp:110), pid=3715, tid=40963
#  Error: ShouldNotReachHere()
#
# JRE version: Java(TM) SE Runtime Environment (13.0.2+8) (build 13.0.2+8)
# Java VM: Java HotSpot(TM) 64-Bit Server VM (13.0.2+8, mixed mode, sharing, tiered, compressed oops, g1 gc, bsd-amd64)
# No core dump will be written. Core dumps have been disabled. To enable core dumping, try "ulimit -c unlimited" before starting Java again
#
# If you would like to submit a bug report, please visit:
#   http://bugreport.java.com/bugreport/crash.jsp
#

---------------  S U M M A R Y ------------

Command Line: -agentlib:jdwp=transport=dt_socket,suspend=y,address=localhost:50936 -javaagent:/Applications/SpringToolSuite4.app/Contents/Eclipse/configuration/org.eclipse.osgi/235/0/.cp/lib/javaagent-shaded.jar -Dfile.encoding=UTF-8 DrawingStuff

Host: MacBookAir7,2 x86_64 1800 MHz, 4 cores, 8G, Darwin 19.3.0
Time: Wed Feb  5 14:53:32 2020 EST elapsed time: 1550 seconds (0d 0h 25m 50s)

---------------  T H R E A D  ---------------

Current thread (0x00007ff53481c800):  JavaThread "JDWP Transport Listener: dt_socket" daemon [_thread_in_vm, id=40963, stack(0x0000700001595000,0x0000700001695000)]

Stack: [0x0000700001595000,0x0000700001695000],  sp=0x00007000016942b0,  free space=1020k
Native frames: (J=compiled Java code, A=aot compiled Java code, j=interpreted, Vv=VM code, C=native code)
V  [libjvm.dylib+0x77ae05]  _ZN7VMError14report_and_dieEiPKcS1_P13__va_list_tagP6ThreadPhPvS7_S1_im+0x671
V  [libjvm.dylib+0x77b3f5]  _ZN7VMError14report_and_dieEP6ThreadPvPKciS4_S4_P13__va_list_tag+0x47
V  [libjvm.dylib+0x2588f8]  _Z15report_vm_errorPKciS0_S0_z+0xa9
V  [libjvm.dylib+0x617c7c]  _ZN19OopMapForCacheEntry11compute_mapEP6Thread+0x7e
V  [libjvm.dylib+0x618434]  _ZN16OopMapCacheEntry4fillERK12methodHandlei+0xac
V  [libjvm.dylib+0x618d65]  _ZN11OopMapCache19compute_one_oop_mapERK12methodHandleiP17InterpreterOopMap+0x5d
V  [libjvm.dylib+0x5e1864]  _ZN6Method8mask_forEiP17InterpreterOopMap+0x7e
V  [libjvm.dylib+0x770a02]  _ZNK17interpretedVFrame10stack_dataEb+0x48
V  [libjvm.dylib+0x4f9431]  _ZN16VM_GetOrSetLocal22check_slot_type_no_lvtEP10javaVFrame+0x4d
V  [libjvm.dylib+0x4f94df]  _ZN16VM_GetOrSetLocal13doit_prologueEv+0x4f
V  [libjvm.dylib+0x783af0]  _ZN8VMThread7executeEP12VM_Operation+0x13e
V  [libjvm.dylib+0x4e577e]  _ZN8JvmtiEnv11GetLocalIntEP10JavaThreadiiPi+0x5c
V  [libjvm.dylib+0x4a7bb8]  _ZL17jvmti_GetLocalIntP9_jvmtiEnvP8_jobjectiiPi+0x157
C  [libjdwp.dylib+0x6db8]  getValues+0x544
C  [libjdwp.dylib+0xece9]  debugLoop_run+0x1f1
C  [libjdwp.dylib+0x1fe0c]  attachThread+0x4c
V  [libjvm.dylib+0x4f7f42]  _ZN16JvmtiAgentThread19call_start_functionEv+0x38
V  [libjvm.dylib+0x72a2f4]  _ZN10JavaThread17thread_main_innerEv+0x86
V  [libjvm.dylib+0x72a132]  _ZN10JavaThread3runEv+0x124
V  [libjvm.dylib+0x727f51]  _ZN6Thread8call_runEv+0x71
V  [libjvm.dylib+0x6206a5]  _ZL19thread_native_entryP6Thread+0x132
C  [libsystem_pthread.dylib+0x5e65]  _pthread_start+0x94
C  [libsystem_pthread.dylib+0x183b]  thread_start+0xf


---------------  P R O C E S S  ---------------

Threads class SMR info:
_java_thread_list=0x00007ff533c76a60, length=13, elements={
0x00007ff53580c000, 0x00007ff53582f000, 0x00007ff535000800, 0x00007ff53582f800,
0x00007ff535832800, 0x00007ff535833800, 0x00007ff53407f000, 0x00007ff535006800,
0x00007ff53481c800, 0x00007ff53481b800, 0x00007ff53481f000, 0x00007ff535085000,
0x00007ff535004000
}

Java Threads: ( => current thread )
  0x00007ff53580c000 JavaThread "main" [_thread_blocked, id=10243, stack(0x0000700000665000,0x0000700000765000)]
  0x00007ff53582f000 JavaThread "Reference Handler" daemon [_thread_blocked, id=14083, stack(0x0000700000d7a000,0x0000700000e7a000)]
  0x00007ff535000800 JavaThread "Finalizer" daemon [_thread_blocked, id=17923, stack(0x0000700000e7d000,0x0000700000f7d000)]
  0x00007ff53582f800 JavaThread "Signal Dispatcher" daemon [_thread_blocked, id=21763, stack(0x0000700001086000,0x0000700001186000)]
  0x00007ff535832800 JavaThread "C2 CompilerThread0" daemon [_thread_blocked, id=42755, stack(0x0000700001189000,0x0000700001289000)]
  0x00007ff535833800 JavaThread "C1 CompilerThread0" daemon [_thread_blocked, id=41987, stack(0x000070000128c000,0x000070000138c000)]
  0x00007ff53407f000 JavaThread "Sweeper thread" daemon [_thread_blocked, id=22275, stack(0x000070000138f000,0x000070000148f000)]
  0x00007ff535006800 JavaThread "Common-Cleaner" daemon [_thread_blocked, id=22787, stack(0x0000700001492000,0x0000700001592000)]
=>0x00007ff53481c800 JavaThread "JDWP Transport Listener: dt_socket" daemon [_thread_in_vm, id=40963, stack(0x0000700001595000,0x0000700001695000)]
  0x00007ff53481b800 JavaThread "JDWP Event Helper Thread" daemon [_thread_blocked, id=23811, stack(0x0000700001698000,0x0000700001798000)]
  0x00007ff53481f000 JavaThread "JDWP Command Reader" daemon [_thread_in_native, id=40451, stack(0x000070000179b000,0x000070000189b000)]
  0x00007ff535085000 JavaThread "Service Thread" daemon [_thread_blocked, id=24835, stack(0x00007000019a1000,0x0000700001aa1000)]
  0x00007ff535004000 JavaThread "Attach Listener" daemon [_thread_blocked, id=39427, stack(0x0000700001ba7000,0x0000700001ca7000)]

Other Threads:
  0x00007ff53582e000 VMThread "VM Thread" [stack: 0x0000700000c77000,0x0000700000d77000] [id=18435]
  0x00007ff5340ea800 WatcherThread [stack: 0x0000700001aa4000,0x0000700001ba4000] [id=25347]
  0x00007ff534020000 GCTaskThread "GC Thread#0" [stack: 0x0000700000768000,0x0000700000868000] [id=11267]
  0x00007ff534815000 ConcurrentGCThread "G1 Main Marker" [stack: 0x000070000086b000,0x000070000096b000] [id=20227]
  0x00007ff534815800 ConcurrentGCThread "G1 Conc#0" [stack: 0x000070000096e000,0x0000700000a6e000] [id=11779]
  0x00007ff535812800 ConcurrentGCThread "G1 Refine#0" [stack: 0x0000700000a71000,0x0000700000b71000] [id=12035]
  0x00007ff535813000 ConcurrentGCThread "G1 Young RemSet Sampling" [stack: 0x0000700000b74000,0x0000700000c74000] [id=19203]

Threads with active compile tasks:

VM state:not at safepoint (normal execution)

VM Mutex/Monitor currently owned by a thread: None

Heap address: 0x0000000780000000, size: 2048 MB, Compressed Oops mode: Zero based, Oop shift amount: 3
Narrow klass base: 0x0000000800000000, Narrow klass shift: 3
Compressed class space size: 1073741824 Address: 0x0000000800ae0000

Heap:
 garbage-first heap   total 133120K, used 5880K [0x0000000780000000, 0x0000000800000000)
  region size 1024K, 6 young (6144K), 0 survivors (0K)
 Metaspace       used 2950K, capacity 4932K, committed 5120K, reserved 1056768K
  class space    used 278K, capacity 449K, committed 512K, reserved 1048576K
Heap Regions: E=young(eden), S=young(survivor), O=old, HS=humongous(starts), HC=humongous(continues), CS=collection set, F=free, A=archive, TAMS=top-at-mark-start (previous, next)
|   0|0x0000000780000000, 0x0000000780000000, 0x0000000780100000|  0%| F|  |TAMS 0x0000000780000000, 0x0000000780000000| Untracked 
|   1|0x0000000780100000, 0x0000000780100000, 0x0000000780200000|  0%| F|  |TAMS 0x0000000780100000, 0x0000000780100000| Untracked 
|   2|0x0000000780200000, 0x0000000780200000, 0x0000000780300000|  0%| F|  |TAMS 0x0000000780200000, 0x0000000780200000| Untracked 
|   3|0x0000000780300000, 0x0000000780300000, 0x0000000780400000|  0%| F|  |TAMS 0x0000000780300000, 0x0000000780300000| Untracked 
|   4|0x0000000780400000, 0x0000000780400000, 0x0000000780500000|  0%| F|  |TAMS 0x0000000780400000, 0x0000000780400000| Untracked 
|   5|0x0000000780500000, 0x0000000780500000, 0x0000000780600000|  0%| F|  |TAMS 0x0000000780500000, 0x0000000780500000| Untracked 
|   6|0x0000000780600000, 0x0000000780600000, 0x0000000780700000|  0%| F|  |TAMS 0x0000000780600000, 0x0000000780600000| Untracked 
|   7|0x0000000780700000, 0x0000000780700000, 0x0000000780800000|  0%| F|  |TAMS 0x0000000780700000, 0x0000000780700000| Untracked 
|   8|0x0000000780800000, 0x0000000780800000, 0x0000000780900000|  0%| F|  |TAMS 0x0000000780800000, 0x0000000780800000| Untracked 
|   9|0x0000000780900000, 0x0000000780900000, 0x0000000780a00000|  0%| F|  |TAMS 0x0000000780900000, 0x0000000780900000| Untracked 
|  10|0x0000000780a00000, 0x0000000780a00000, 0x0000000780b00000|  0%| F|  |TAMS 0x0000000780a00000, 0x0000000780a00000| Untracked 
|  11|0x0000000780b00000, 0x0000000780b00000, 0x0000000780c00000|  0%| F|  |TAMS 0x0000000780b00000, 0x0000000780b00000| Untracked 
|  12|0x0000000780c00000, 0x0000000780c00000, 0x0000000780d00000|  0%| F|  |TAMS 0x0000000780c00000, 0x0000000780c00000| Untracked 
|  13|0x0000000780d00000, 0x0000000780d00000, 0x0000000780e00000|  0%| F|  |TAMS 0x0000000780d00000, 0x0000000780d00000| Untracked 
|  14|0x0000000780e00000, 0x0000000780e00000, 0x0000000780f00000|  0%| F|  |TAMS 0x0000000780e00000, 0x0000000780e00000| Untracked 
|  15|0x0000000780f00000, 0x0000000780f00000, 0x0000000781000000|  0%| F|  |TAMS 0x0000000780f00000, 0x0000000780f00000| Untracked 
|  16|0x0000000781000000, 0x0000000781000000, 0x0000000781100000|  0%| F|  |TAMS 0x0000000781000000, 0x0000000781000000| Untracked 
|  17|0x0000000781100000, 0x0000000781100000, 0x0000000781200000|  0%| F|  |TAMS 0x0000000781100000, 0x0000000781100000| Untracked 
|  18|0x0000000781200000, 0x0000000781200000, 0x0000000781300000|  0%| F|  |TAMS 0x0000000781200000, 0x0000000781200000| Untracked 
|  19|0x0000000781300000, 0x0000000781300000, 0x0000000781400000|  0%| F|  |TAMS 0x0000000781300000, 0x0000000781300000| Untracked 
|  20|0x0000000781400000, 0x0000000781400000, 0x0000000781500000|  0%| F|  |TAMS 0x0000000781400000, 0x0000000781400000| Untracked 
|  21|0x0000000781500000, 0x0000000781500000, 0x0000000781600000|  0%| F|  |TAMS 0x0000000781500000, 0x0000000781500000| Untracked 
|  22|0x0000000781600000, 0x0000000781600000, 0x0000000781700000|  0%| F|  |TAMS 0x0000000781600000, 0x0000000781600000| Untracked 
|  23|0x0000000781700000, 0x0000000781700000, 0x0000000781800000|  0%| F|  |TAMS 0x0000000781700000, 0x0000000781700000| Untracked 
|  24|0x0000000781800000, 0x0000000781800000, 0x0000000781900000|  0%| F|  |TAMS 0x0000000781800000, 0x0000000781800000| Untracked 
|  25|0x0000000781900000, 0x0000000781900000, 0x0000000781a00000|  0%| F|  |TAMS 0x0000000781900000, 0x0000000781900000| Untracked 
|  26|0x0000000781a00000, 0x0000000781a00000, 0x0000000781b00000|  0%| F|  |TAMS 0x0000000781a00000, 0x0000000781a00000| Untracked 
|  27|0x0000000781b00000, 0x0000000781b00000, 0x0000000781c00000|  0%| F|  |TAMS 0x0000000781b00000, 0x0000000781b00000| Untracked 
|  28|0x0000000781c00000, 0x0000000781c00000, 0x0000000781d00000|  0%| F|  |TAMS 0x0000000781c00000, 0x0000000781c00000| Untracked 
|  29|0x0000000781d00000, 0x0000000781d00000, 0x0000000781e00000|  0%| F|  |TAMS 0x0000000781d00000, 0x0000000781d00000| Untracked 
|  30|0x0000000781e00000, 0x0000000781e00000, 0x0000000781f00000|  0%| F|  |TAMS 0x0000000781e00000, 0x0000000781e00000| Untracked 
|  31|0x0000000781f00000, 0x0000000781f00000, 0x0000000782000000|  0%| F|  |TAMS 0x0000000781f00000, 0x0000000781f00000| Untracked 
|  32|0x0000000782000000, 0x0000000782000000, 0x0000000782100000|  0%| F|  |TAMS 0x0000000782000000, 0x0000000782000000| Untracked 
|  33|0x0000000782100000, 0x0000000782100000, 0x0000000782200000|  0%| F|  |TAMS 0x0000000782100000, 0x0000000782100000| Untracked 
|  34|0x0000000782200000, 0x0000000782200000, 0x0000000782300000|  0%| F|  |TAMS 0x0000000782200000, 0x0000000782200000| Untracked 
|  35|0x0000000782300000, 0x0000000782300000, 0x0000000782400000|  0%| F|  |TAMS 0x0000000782300000, 0x0000000782300000| Untracked 
|  36|0x0000000782400000, 0x0000000782400000, 0x0000000782500000|  0%| F|  |TAMS 0x0000000782400000, 0x0000000782400000| Untracked 
|  37|0x0000000782500000, 0x0000000782500000, 0x0000000782600000|  0%| F|  |TAMS 0x0000000782500000, 0x0000000782500000| Untracked 
|  38|0x0000000782600000, 0x0000000782600000, 0x0000000782700000|  0%| F|  |TAMS 0x0000000782600000, 0x0000000782600000| Untracked 
|  39|0x0000000782700000, 0x0000000782700000, 0x0000000782800000|  0%| F|  |TAMS 0x0000000782700000, 0x0000000782700000| Untracked 
|  40|0x0000000782800000, 0x0000000782800000, 0x0000000782900000|  0%| F|  |TAMS 0x0000000782800000, 0x0000000782800000| Untracked 
|  41|0x0000000782900000, 0x0000000782900000, 0x0000000782a00000|  0%| F|  |TAMS 0x0000000782900000, 0x0000000782900000| Untracked 
|  42|0x0000000782a00000, 0x0000000782a00000, 0x0000000782b00000|  0%| F|  |TAMS 0x0000000782a00000, 0x0000000782a00000| Untracked 
|  43|0x0000000782b00000, 0x0000000782b00000, 0x0000000782c00000|  0%| F|  |TAMS 0x0000000782b00000, 0x0000000782b00000| Untracked 
|  44|0x0000000782c00000, 0x0000000782c00000, 0x0000000782d00000|  0%| F|  |TAMS 0x0000000782c00000, 0x0000000782c00000| Untracked 
|  45|0x0000000782d00000, 0x0000000782d00000, 0x0000000782e00000|  0%| F|  |TAMS 0x0000000782d00000, 0x0000000782d00000| Untracked 
|  46|0x0000000782e00000, 0x0000000782e00000, 0x0000000782f00000|  0%| F|  |TAMS 0x0000000782e00000, 0x0000000782e00000| Untracked 
|  47|0x0000000782f00000, 0x0000000782f00000, 0x0000000783000000|  0%| F|  |TAMS 0x0000000782f00000, 0x0000000782f00000| Untracked 
|  48|0x0000000783000000, 0x0000000783000000, 0x0000000783100000|  0%| F|  |TAMS 0x0000000783000000, 0x0000000783000000| Untracked 
|  49|0x0000000783100000, 0x0000000783100000, 0x0000000783200000|  0%| F|  |TAMS 0x0000000783100000, 0x0000000783100000| Untracked 
|  50|0x0000000783200000, 0x0000000783200000, 0x0000000783300000|  0%| F|  |TAMS 0x0000000783200000, 0x0000000783200000| Untracked 
|  51|0x0000000783300000, 0x0000000783300000, 0x0000000783400000|  0%| F|  |TAMS 0x0000000783300000, 0x0000000783300000| Untracked 
|  52|0x0000000783400000, 0x0000000783400000, 0x0000000783500000|  0%| F|  |TAMS 0x0000000783400000, 0x0000000783400000| Untracked 
|  53|0x0000000783500000, 0x0000000783500000, 0x0000000783600000|  0%| F|  |TAMS 0x0000000783500000, 0x0000000783500000| Untracked 
|  54|0x0000000783600000, 0x0000000783600000, 0x0000000783700000|  0%| F|  |TAMS 0x0000000783600000, 0x0000000783600000| Untracked 
|  55|0x0000000783700000, 0x0000000783700000, 0x0000000783800000|  0%| F|  |TAMS 0x0000000783700000, 0x0000000783700000| Untracked 
|  56|0x0000000783800000, 0x0000000783800000, 0x0000000783900000|  0%| F|  |TAMS 0x0000000783800000, 0x0000000783800000| Untracked 
|  57|0x0000000783900000, 0x0000000783900000, 0x0000000783a00000|  0%| F|  |TAMS 0x0000000783900000, 0x0000000783900000| Untracked 
|  58|0x0000000783a00000, 0x0000000783a00000, 0x0000000783b00000|  0%| F|  |TAMS 0x0000000783a00000, 0x0000000783a00000| Untracked 
|  59|0x0000000783b00000, 0x0000000783b00000, 0x0000000783c00000|  0%| F|  |TAMS 0x0000000783b00000, 0x0000000783b00000| Untracked 
|  60|0x0000000783c00000, 0x0000000783c00000, 0x0000000783d00000|  0%| F|  |TAMS 0x0000000783c00000, 0x0000000783c00000| Untracked 
|  61|0x0000000783d00000, 0x0000000783d00000, 0x0000000783e00000|  0%| F|  |TAMS 0x0000000783d00000, 0x0000000783d00000| Untracked 
|  62|0x0000000783e00000, 0x0000000783e00000, 0x0000000783f00000|  0%| F|  |TAMS 0x0000000783e00000, 0x0000000783e00000| Untracked 
|  63|0x0000000783f00000, 0x0000000783f00000, 0x0000000784000000|  0%| F|  |TAMS 0x0000000783f00000, 0x0000000783f00000| Untracked 
|  64|0x0000000784000000, 0x0000000784000000, 0x0000000784100000|  0%| F|  |TAMS 0x0000000784000000, 0x0000000784000000| Untracked 
|  65|0x0000000784100000, 0x0000000784100000, 0x0000000784200000|  0%| F|  |TAMS 0x0000000784100000, 0x0000000784100000| Untracked 
|  66|0x0000000784200000, 0x0000000784200000, 0x0000000784300000|  0%| F|  |TAMS 0x0000000784200000, 0x0000000784200000| Untracked 
|  67|0x0000000784300000, 0x0000000784300000, 0x0000000784400000|  0%| F|  |TAMS 0x0000000784300000, 0x0000000784300000| Untracked 
|  68|0x0000000784400000, 0x0000000784400000, 0x0000000784500000|  0%| F|  |TAMS 0x0000000784400000, 0x0000000784400000| Untracked 
|  69|0x0000000784500000, 0x0000000784500000, 0x0000000784600000|  0%| F|  |TAMS 0x0000000784500000, 0x0000000784500000| Untracked 
|  70|0x0000000784600000, 0x0000000784600000, 0x0000000784700000|  0%| F|  |TAMS 0x0000000784600000, 0x0000000784600000| Untracked 
|  71|0x0000000784700000, 0x0000000784700000, 0x0000000784800000|  0%| F|  |TAMS 0x0000000784700000, 0x0000000784700000| Untracked 
|  72|0x0000000784800000, 0x0000000784800000, 0x0000000784900000|  0%| F|  |TAMS 0x0000000784800000, 0x0000000784800000| Untracked 
|  73|0x0000000784900000, 0x0000000784900000, 0x0000000784a00000|  0%| F|  |TAMS 0x0000000784900000, 0x0000000784900000| Untracked 
|  74|0x0000000784a00000, 0x0000000784a00000, 0x0000000784b00000|  0%| F|  |TAMS 0x0000000784a00000, 0x0000000784a00000| Untracked 
|  75|0x0000000784b00000, 0x0000000784b00000, 0x0000000784c00000|  0%| F|  |TAMS 0x0000000784b00000, 0x0000000784b00000| Untracked 
|  76|0x0000000784c00000, 0x0000000784c00000, 0x0000000784d00000|  0%| F|  |TAMS 0x0000000784c00000, 0x0000000784c00000| Untracked 
|  77|0x0000000784d00000, 0x0000000784d00000, 0x0000000784e00000|  0%| F|  |TAMS 0x0000000784d00000, 0x0000000784d00000| Untracked 
|  78|0x0000000784e00000, 0x0000000784e00000, 0x0000000784f00000|  0%| F|  |TAMS 0x0000000784e00000, 0x0000000784e00000| Untracked 
|  79|0x0000000784f00000, 0x0000000784f00000, 0x0000000785000000|  0%| F|  |TAMS 0x0000000784f00000, 0x0000000784f00000| Untracked 
|  80|0x0000000785000000, 0x0000000785000000, 0x0000000785100000|  0%| F|  |TAMS 0x0000000785000000, 0x0000000785000000| Untracked 
|  81|0x0000000785100000, 0x0000000785100000, 0x0000000785200000|  0%| F|  |TAMS 0x0000000785100000, 0x0000000785100000| Untracked 
|  82|0x0000000785200000, 0x0000000785200000, 0x0000000785300000|  0%| F|  |TAMS 0x0000000785200000, 0x0000000785200000| Untracked 
|  83|0x0000000785300000, 0x0000000785300000, 0x0000000785400000|  0%| F|  |TAMS 0x0000000785300000, 0x0000000785300000| Untracked 
|  84|0x0000000785400000, 0x0000000785400000, 0x0000000785500000|  0%| F|  |TAMS 0x0000000785400000, 0x0000000785400000| Untracked 
|  85|0x0000000785500000, 0x0000000785500000, 0x0000000785600000|  0%| F|  |TAMS 0x0000000785500000, 0x0000000785500000| Untracked 
|  86|0x0000000785600000, 0x0000000785600000, 0x0000000785700000|  0%| F|  |TAMS 0x0000000785600000, 0x0000000785600000| Untracked 
|  87|0x0000000785700000, 0x0000000785700000, 0x0000000785800000|  0%| F|  |TAMS 0x0000000785700000, 0x0000000785700000| Untracked 
|  88|0x0000000785800000, 0x0000000785800000, 0x0000000785900000|  0%| F|  |TAMS 0x0000000785800000, 0x0000000785800000| Untracked 
|  89|0x0000000785900000, 0x0000000785900000, 0x0000000785a00000|  0%| F|  |TAMS 0x0000000785900000, 0x0000000785900000| Untracked 
|  90|0x0000000785a00000, 0x0000000785a00000, 0x0000000785b00000|  0%| F|  |TAMS 0x0000000785a00000, 0x0000000785a00000| Untracked 
|  91|0x0000000785b00000, 0x0000000785b00000, 0x0000000785c00000|  0%| F|  |TAMS 0x0000000785b00000, 0x0000000785b00000| Untracked 
|  92|0x0000000785c00000, 0x0000000785c00000, 0x0000000785d00000|  0%| F|  |TAMS 0x0000000785c00000, 0x0000000785c00000| Untracked 
|  93|0x0000000785d00000, 0x0000000785d00000, 0x0000000785e00000|  0%| F|  |TAMS 0x0000000785d00000, 0x0000000785d00000| Untracked 
|  94|0x0000000785e00000, 0x0000000785e00000, 0x0000000785f00000|  0%| F|  |TAMS 0x0000000785e00000, 0x0000000785e00000| Untracked 
|  95|0x0000000785f00000, 0x0000000785f00000, 0x0000000786000000|  0%| F|  |TAMS 0x0000000785f00000, 0x0000000785f00000| Untracked 
|  96|0x0000000786000000, 0x0000000786000000, 0x0000000786100000|  0%| F|  |TAMS 0x0000000786000000, 0x0000000786000000| Untracked 
|  97|0x0000000786100000, 0x0000000786100000, 0x0000000786200000|  0%| F|  |TAMS 0x0000000786100000, 0x0000000786100000| Untracked 
|  98|0x0000000786200000, 0x0000000786200000, 0x0000000786300000|  0%| F|  |TAMS 0x0000000786200000, 0x0000000786200000| Untracked 
|  99|0x0000000786300000, 0x0000000786300000, 0x0000000786400000|  0%| F|  |TAMS 0x0000000786300000, 0x0000000786300000| Untracked 
| 100|0x0000000786400000, 0x0000000786400000, 0x0000000786500000|  0%| F|  |TAMS 0x0000000786400000, 0x0000000786400000| Untracked 
| 101|0x0000000786500000, 0x0000000786500000, 0x0000000786600000|  0%| F|  |TAMS 0x0000000786500000, 0x0000000786500000| Untracked 
| 102|0x0000000786600000, 0x0000000786600000, 0x0000000786700000|  0%| F|  |TAMS 0x0000000786600000, 0x0000000786600000| Untracked 
| 103|0x0000000786700000, 0x0000000786700000, 0x0000000786800000|  0%| F|  |TAMS 0x0000000786700000, 0x0000000786700000| Untracked 
| 104|0x0000000786800000, 0x0000000786800000, 0x0000000786900000|  0%| F|  |TAMS 0x0000000786800000, 0x0000000786800000| Untracked 
| 105|0x0000000786900000, 0x0000000786900000, 0x0000000786a00000|  0%| F|  |TAMS 0x0000000786900000, 0x0000000786900000| Untracked 
| 106|0x0000000786a00000, 0x0000000786a00000, 0x0000000786b00000|  0%| F|  |TAMS 0x0000000786a00000, 0x0000000786a00000| Untracked 
| 107|0x0000000786b00000, 0x0000000786b00000, 0x0000000786c00000|  0%| F|  |TAMS 0x0000000786b00000, 0x0000000786b00000| Untracked 
| 108|0x0000000786c00000, 0x0000000786c00000, 0x0000000786d00000|  0%| F|  |TAMS 0x0000000786c00000, 0x0000000786c00000| Untracked 
| 109|0x0000000786d00000, 0x0000000786d00000, 0x0000000786e00000|  0%| F|  |TAMS 0x0000000786d00000, 0x0000000786d00000| Untracked 
| 110|0x0000000786e00000, 0x0000000786e00000, 0x0000000786f00000|  0%| F|  |TAMS 0x0000000786e00000, 0x0000000786e00000| Untracked 
| 111|0x0000000786f00000, 0x0000000786f00000, 0x0000000787000000|  0%| F|  |TAMS 0x0000000786f00000, 0x0000000786f00000| Untracked 
| 112|0x0000000787000000, 0x0000000787000000, 0x0000000787100000|  0%| F|  |TAMS 0x0000000787000000, 0x0000000787000000| Untracked 
| 113|0x0000000787100000, 0x0000000787100000, 0x0000000787200000|  0%| F|  |TAMS 0x0000000787100000, 0x0000000787100000| Untracked 
| 114|0x0000000787200000, 0x0000000787200000, 0x0000000787300000|  0%| F|  |TAMS 0x0000000787200000, 0x0000000787200000| Untracked 
| 115|0x0000000787300000, 0x0000000787300000, 0x0000000787400000|  0%| F|  |TAMS 0x0000000787300000, 0x0000000787300000| Untracked 
| 116|0x0000000787400000, 0x0000000787400000, 0x0000000787500000|  0%| F|  |TAMS 0x0000000787400000, 0x0000000787400000| Untracked 
| 117|0x0000000787500000, 0x0000000787500000, 0x0000000787600000|  0%| F|  |TAMS 0x0000000787500000, 0x0000000787500000| Untracked 
| 118|0x0000000787600000, 0x0000000787600000, 0x0000000787700000|  0%| F|  |TAMS 0x0000000787600000, 0x0000000787600000| Untracked 
| 119|0x0000000787700000, 0x0000000787700000, 0x0000000787800000|  0%| F|  |TAMS 0x0000000787700000, 0x0000000787700000| Untracked 
| 120|0x0000000787800000, 0x0000000787800000, 0x0000000787900000|  0%| F|  |TAMS 0x0000000787800000, 0x0000000787800000| Untracked 
| 121|0x0000000787900000, 0x0000000787900000, 0x0000000787a00000|  0%| F|  |TAMS 0x0000000787900000, 0x0000000787900000| Untracked 
| 122|0x0000000787a00000, 0x0000000787a48308, 0x0000000787b00000| 28%| E|  |TAMS 0x0000000787a00000, 0x0000000787a00000| Complete 
| 123|0x0000000787b00000, 0x0000000787c00000, 0x0000000787c00000|100%| E|CS|TAMS 0x0000000787b00000, 0x0000000787b00000| Complete 
| 124|0x0000000787c00000, 0x0000000787d00000, 0x0000000787d00000|100%| E|CS|TAMS 0x0000000787c00000, 0x0000000787c00000| Complete 
| 125|0x0000000787d00000, 0x0000000787e00000, 0x0000000787e00000|100%| E|CS|TAMS 0x0000000787d00000, 0x0000000787d00000| Complete 
| 126|0x0000000787e00000, 0x0000000787f00000, 0x0000000787f00000|100%| E|CS|TAMS 0x0000000787e00000, 0x0000000787e00000| Complete 
| 127|0x0000000787f00000, 0x0000000788000000, 0x0000000788000000|100%| E|CS|TAMS 0x0000000787f00000, 0x0000000787f00000| Complete 
|1022|0x00000007bfe00000, 0x00000007bfe47000, 0x00000007bff00000| 27%|OA|  |TAMS 0x00000007bfe00000, 0x00000007bfe00000| Untracked 
|1023|0x00000007bff00000, 0x00000007bff77000, 0x00000007c0000000| 46%|CA|  |TAMS 0x00000007bff00000, 0x00000007bff00000| Untracked 

Card table byte_map: [0x0000000103c6e000,0x000000010406e000] _byte_map_base: 0x000000010006e000

Marking Bits (Prev, Next): (CMBitMap*) 0x00007ff534800618, (CMBitMap*) 0x00007ff534800658
 Prev Bits: [0x000000011cad9000, 0x000000011ead9000)
 Next Bits: [0x000000011ead9000, 0x0000000120ad9000)

Polling page: 0x0000000101bd4000

Metaspace:

Usage:
  Non-class:      4.38 MB capacity,     2.61 MB ( 60%) used,     1.76 MB ( 40%) free+waste,     3.44 KB ( <1%) overhead. 
      Class:    449.00 KB capacity,   278.20 KB ( 62%) used,   168.92 KB ( 38%) free+waste,     1.88 KB ( <1%) overhead. 
       Both:      4.82 MB capacity,     2.88 MB ( 60%) used,     1.93 MB ( 40%) free+waste,     5.31 KB ( <1%) overhead. 

Virtual space:
  Non-class space:        8.00 MB reserved,       4.50 MB ( 56%) committed 
      Class space:        1.00 GB reserved,     512.00 KB ( <1%) committed 
             Both:        1.01 GB reserved,       5.00 MB ( <1%) committed 

Chunk freelists:
   Non-Class:  1.00 KB
       Class:  0 bytes
        Both:  1.00 KB

MaxMetaspaceSize: unlimited
CompressedClassSpaceSize: 1.00 GB

CodeHeap 'non-profiled nmethods': size=120032Kb used=127Kb max_used=127Kb free=119905Kb
 bounds [0x00000001155a1000, 0x0000000115811000, 0x000000011cad9000]
CodeHeap 'profiled nmethods': size=120028Kb used=645Kb max_used=645Kb free=119382Kb
 bounds [0x000000010e06a000, 0x000000010e2da000, 0x00000001155a1000]
CodeHeap 'non-nmethods': size=5700Kb used=1188Kb max_used=1203Kb free=4511Kb
 bounds [0x000000010dad9000, 0x000000010dd49000, 0x000000010e06a000]
 total_blobs=906 nmethods=424 adapters=276
 compilation: enabled
              stopped_count=0, restarted_count=0
 full_count=0

Compilation events (20 events):
Event: 4.243 Thread 0x00007ff535833800 nmethod 417 0x00000001155bf310 code [0x00000001155bf4a0, 0x00000001155bf5d0]
Event: 4.243 Thread 0x00007ff535833800  418       3       java.util.Properties::saveConvert (434 bytes)
Event: 4.243 Thread 0x00007ff535832800 nmethod 405 0x00000001155bf690 code [0x00000001155bf820, 0x00000001155bfc18]
Event: 4.243 Thread 0x00007ff535832800  407       4       java.lang.StringLatin1::hashCode (42 bytes)
Event: 4.245 Thread 0x00007ff535833800 nmethod 418 0x000000010e104290 code [0x000000010e104760, 0x000000010e106a08]
Event: 4.245 Thread 0x00007ff535833800  419       3       java.util.concurrent.ConcurrentHashMap$Traverser::advance (188 bytes)
Event: 4.246 Thread 0x00007ff535833800 nmethod 419 0x000000010e107690 code [0x000000010e1078e0, 0x000000010e1087f8]
Event: 4.246 Thread 0x00007ff535833800  420       3       java.util.concurrent.ConcurrentHashMap$BaseIterator::hasNext (13 bytes)
Event: 4.246 Thread 0x00007ff535833800 nmethod 420 0x000000010e108b10 code [0x000000010e108ca0, 0x000000010e108e70]
Event: 4.246 Thread 0x00007ff535832800 nmethod 407 0x00000001155bfd90 code [0x00000001155bff00, 0x00000001155c0078]
Event: 4.246 Thread 0x00007ff535832800  415       4       java.lang.AbstractStringBuilder::ensureCapacityInternal (39 bytes)
Event: 4.249 Thread 0x00007ff535832800 nmethod 415 0x00000001155c0190 code [0x00000001155c0320, 0x00000001155c06f8]
Event: 1142.852 Thread 0x00007ff535833800  421       3       org.eclipse.jdt.launching.internal.org.objectweb.asm.ByteVector::putUTF8 (144 bytes)
Event: 1142.857 Thread 0x00007ff535833800 nmethod 421 0x000000010e108f10 code [0x000000010e109180, 0x000000010e109d28]
Event: 1142.857 Thread 0x00007ff535833800  422       3       org.eclipse.jdt.launching.internal.org.objectweb.asm.SymbolTable::addConstantUtf8 (98 bytes)
Event: 1142.858 Thread 0x00007ff535833800 nmethod 422 0x000000010e10a290 code [0x000000010e10a4c0, 0x000000010e10abf8]
Event: 1295.753 Thread 0x00007ff535832800  423       4       org.eclipse.jdt.launching.internal.org.objectweb.asm.ClassReader::readUnsignedShort (26 bytes)
Event: 1295.759 Thread 0x00007ff535832800 nmethod 423 0x00000001155c0890 code [0x00000001155c0a20, 0x00000001155c0b38]
Event: 1486.252 Thread 0x00007ff535833800  424       3       org.eclipse.jdt.launching.internal.org.objectweb.asm.ByteVector::putByte (39 bytes)
Event: 1486.255 Thread 0x00007ff535833800 nmethod 424 0x000000010e10af90 code [0x000000010e10b140, 0x000000010e10b3a8]

GC Heap History (0 events):
No events

Deoptimization events (20 events):
Event: 0.418 Thread 0x00007ff53580c000 DEOPT PACKING pc=0x000000010e0d2b0b sp=0x0000700000760ab0
Event: 0.418 Thread 0x00007ff53580c000 DEOPT UNPACKING pc=0x000000010db2233a sp=0x000070000075ff98 mode 0
Event: 0.418 Thread 0x00007ff53580c000 DEOPT PACKING pc=0x000000010e0d2b0b sp=0x0000700000760ab0
Event: 0.418 Thread 0x00007ff53580c000 DEOPT UNPACKING pc=0x000000010db2233a sp=0x000070000075ff98 mode 0
Event: 0.423 Thread 0x00007ff53580c000 DEOPT PACKING pc=0x000000010e0d2b0b sp=0x00007000007618b0
Event: 0.423 Thread 0x00007ff53580c000 DEOPT UNPACKING pc=0x000000010db2233a sp=0x0000700000760d98 mode 0
Event: 0.424 Thread 0x00007ff53580c000 DEOPT PACKING pc=0x000000010e0d2b0b sp=0x00007000007618b0
Event: 0.425 Thread 0x00007ff53580c000 DEOPT UNPACKING pc=0x000000010db2233a sp=0x0000700000760d98 mode 0
Event: 0.428 Thread 0x00007ff53580c000 DEOPT PACKING pc=0x000000010e0d2b0b sp=0x0000700000760940
Event: 0.428 Thread 0x00007ff53580c000 DEOPT UNPACKING pc=0x000000010db2233a sp=0x000070000075fe28 mode 0
Event: 0.431 Thread 0x00007ff53580c000 DEOPT PACKING pc=0x000000010e0d2b0b sp=0x0000700000761830
Event: 0.431 Thread 0x00007ff53580c000 DEOPT UNPACKING pc=0x000000010db2233a sp=0x0000700000760d18 mode 0
Event: 0.433 Thread 0x00007ff53580c000 DEOPT PACKING pc=0x000000010e0d2b0b sp=0x0000700000761910
Event: 0.433 Thread 0x00007ff53580c000 DEOPT UNPACKING pc=0x000000010db2233a sp=0x0000700000760df8 mode 0
Event: 0.442 Thread 0x00007ff53580c000 DEOPT PACKING pc=0x000000010e0d2b0b sp=0x00007000007606c0
Event: 0.442 Thread 0x00007ff53580c000 DEOPT UNPACKING pc=0x000000010db2233a sp=0x000070000075fba8 mode 0
Event: 4.224 Thread 0x00007ff535004000 Uncommon trap: trap_request=0xffffff45 fr.pc=0x00000001155a83d0 relative=0x0000000000000230
Event: 4.224 Thread 0x00007ff535004000 Uncommon trap: reason=unstable_if action=reinterpret pc=0x00000001155a83d0 method=java.lang.String.hashCode()I @ 42 c2
Event: 4.224 Thread 0x00007ff535004000 DEOPT PACKING pc=0x00000001155a83d0 sp=0x0000700001ca38b0
Event: 4.224 Thread 0x00007ff535004000 DEOPT UNPACKING pc=0x000000010db21e25 sp=0x0000700001ca3868 mode 2

Classes unloaded (0 events):
No events

Classes redefined (3 events):
Event: 1142.855 Thread 0x00007ff53582e000 redefined class name=DrawingStuff, count=1
Event: 1295.756 Thread 0x00007ff53582e000 redefined class name=DrawingStuff, count=2
Event: 1486.253 Thread 0x00007ff53582e000 redefined class name=DrawingStuff, count=3

Internal exceptions (1 events):
Event: 1550.148 Thread 0x00007ff53481c800 Exception <a 'java/lang/LinkageError'{0x0000000787e51e70}> (0x0000000787e51e70) 
thrown [/scratch/mesos/slaves/d65fa3d4-10de-46aa-a2db-52cc9981537a-S157/frameworks/1735e8a2-a1db-478c-8104-60c8b0af87dd-0196/executors/cd04c109-7866-4c89-a9cb-580d1b4b0057/runs/bdf96710-70fa-465f-a6db-19a171d6559f/workspace/open/src/hotspot/share/oops/generateOopMap.cpp, line 2140]

Events (20 events):
Event: 1550.092 Executing VM operation: GetFrameCount
Event: 1550.092 Executing VM operation: GetFrameCount done
Event: 1550.092 Executing VM operation: GetOwnedMonitorInfo
Event: 1550.092 Executing VM operation: GetOwnedMonitorInfo done
Event: 1550.092 Executing VM operation: GetCurrentContendedMonitor
Event: 1550.092 Executing VM operation: GetCurrentContendedMonitor done
Event: 1550.092 Executing VM operation: GetOwnedMonitorInfo
Event: 1550.092 Executing VM operation: GetOwnedMonitorInfo done
Event: 1550.093 Executing VM operation: GetCurrentContendedMonitor
Event: 1550.093 Executing VM operation: GetCurrentContendedMonitor done
Event: 1550.093 Executing VM operation: GetCurrentContendedMonitor
Event: 1550.093 Executing VM operation: GetCurrentContendedMonitor done
Event: 1550.093 Executing VM operation: GetOwnedMonitorInfo
Event: 1550.093 Executing VM operation: GetOwnedMonitorInfo done
Event: 1550.121 Executing VM operation: GetFrameCount
Event: 1550.121 Executing VM operation: GetFrameCount done
Event: 1550.121 Executing VM operation: GetOwnedMonitorInfo
Event: 1550.121 Executing VM operation: GetOwnedMonitorInfo done
Event: 1550.122 Executing VM operation: GetCurrentContendedMonitor
Event: 1550.122 Executing VM operation: GetCurrentContendedMonitor done


Dynamic libraries:
0x00007fff6abb7000 	/usr/lib/libz.1.dylib
0x0000000101b72000 	/Library/Java/JavaVirtualMachines/jdk-13.0.2.jdk/Contents/Home/lib/libjli.dylib
0x00007fff331bc000 	/System/Library/Frameworks/Cocoa.framework/Versions/A/Cocoa
0x00007fff4078a000 	/System/Library/Frameworks/Security.framework/Versions/A/Security
0x00007fff32146000 	/System/Library/Frameworks/ApplicationServices.framework/Versions/A/ApplicationServices
0x00007fff68686000 	/usr/lib/libSystem.B.dylib
0x00007fff6b62d000 	/usr/lib/system/libcache.dylib
0x00007fff6b633000 	/usr/lib/system/libcommonCrypto.dylib
0x00007fff6b63f000 	/usr/lib/system/libcompiler_rt.dylib
0x00007fff6b647000 	/usr/lib/system/libcopyfile.dylib
0x00007fff6b651000 	/usr/lib/system/libcorecrypto.dylib
0x00007fff6b7ff000 	/usr/lib/system/libdispatch.dylib
0x00007fff6b841000 	/usr/lib/system/libdyld.dylib
0x00007fff6b877000 	/usr/lib/system/libkeymgr.dylib
0x00007fff6b885000 	/usr/lib/system/liblaunch.dylib
0x00007fff6b886000 	/usr/lib/system/libmacho.dylib
0x00007fff6b88c000 	/usr/lib/system/libquarantine.dylib
0x00007fff6b88f000 	/usr/lib/system/libremovefile.dylib
0x00007fff6b891000 	/usr/lib/system/libsystem_asl.dylib
0x00007fff6b8a9000 	/usr/lib/system/libsystem_blocks.dylib
0x00007fff6b8aa000 	/usr/lib/system/libsystem_c.dylib
0x00007fff6b932000 	/usr/lib/system/libsystem_configuration.dylib
0x00007fff6b936000 	/usr/lib/system/libsystem_coreservices.dylib
0x00007fff6b93a000 	/usr/lib/system/libsystem_darwin.dylib
0x00007fff6b943000 	/usr/lib/system/libsystem_dnssd.dylib
0x00007fff6b94b000 	/usr/lib/system/libsystem_featureflags.dylib
0x00007fff6b94d000 	/usr/lib/system/libsystem_info.dylib
0x00007fff6b9c8000 	/usr/lib/system/libsystem_m.dylib
0x00007fff6ba10000 	/usr/lib/system/libsystem_malloc.dylib
0x00007fff6ba38000 	/usr/lib/system/libsystem_networkextension.dylib
0x00007fff6ba46000 	/usr/lib/system/libsystem_notify.dylib
0x00007fff6ba65000 	/usr/lib/system/libsystem_sandbox.dylib
0x00007fff6ba6a000 	/usr/lib/system/libsystem_secinit.dylib
0x00007fff6b99b000 	/usr/lib/system/libsystem_kernel.dylib
0x00007fff6ba50000 	/usr/lib/system/libsystem_platform.dylib
0x00007fff6ba5a000 	/usr/lib/system/libsystem_pthread.dylib
0x00007fff6ba6d000 	/usr/lib/system/libsystem_symptoms.dylib
0x00007fff6ba75000 	/usr/lib/system/libsystem_trace.dylib
0x00007fff6ba8d000 	/usr/lib/system/libunwind.dylib
0x00007fff6ba93000 	/usr/lib/system/libxpc.dylib
0x00007fff6a4db000 	/usr/lib/libobjc.A.dylib
0x00007fff689c0000 	/usr/lib/libc++abi.dylib
0x00007fff6896c000 	/usr/lib/libc++.1.dylib
0x00007fff34133000 	/System/Library/Frameworks/CoreFoundation.framework/Versions/A/CoreFoundation
0x00007fff367f8000 	/System/Library/Frameworks/Foundation.framework/Versions/C/Foundation
0x00007fff3133b000 	/System/Library/Frameworks/AppKit.framework/Versions/C/AppKit
0x00007fff33c3f000 	/System/Library/Frameworks/CoreData.framework/Versions/A/CoreData
0x00007fff64f2e000 	/System/Library/PrivateFrameworks/UIFoundation.framework/Versions/A/UIFoundation
0x00007fff5f70a000 	/System/Library/PrivateFrameworks/RemoteViewServices.framework/Versions/A/RemoteViewServices
0x00007fff679c1000 	/System/Library/PrivateFrameworks/XCTTargetBootstrap.framework/Versions/A/XCTTargetBootstrap
0x00007fff34022000 	/System/Library/Frameworks/CoreDisplay.framework/Versions/A/CoreDisplay
0x00007fff39570000 	/System/Library/Frameworks/Metal.framework/Versions/A/Metal
0x00007fff4db10000 	/System/Library/PrivateFrameworks/DesktopServicesPriv.framework/Versions/A/DesktopServicesPriv
0x00007fff697bc000 	/usr/lib/liblangid.dylib
0x00007fff4cc5c000 	/System/Library/PrivateFrameworks/CoreSVG.framework/Versions/A/CoreSVG
0x00007fff624d1000 	/System/Library/PrivateFrameworks/SkyLight.framework/Versions/A/SkyLight
0x00007fff345b5000 	/System/Library/Frameworks/CoreGraphics.framework/Versions/A/CoreGraphics
0x00007fff2feda000 	/System/Library/Frameworks/Accelerate.framework/Versions/A/Accelerate
0x00007fff6aaa8000 	/usr/lib/libxml2.2.dylib
0x00007fff58834000 	/System/Library/PrivateFrameworks/IconServices.framework/Versions/A/IconServices
0x00007fff36fdd000 	/System/Library/Frameworks/IOSurface.framework/Versions/A/IOSurface
0x00007fff681be000 	/usr/lib/libDiagnosticMessagesClient.dylib
0x00007fff4d989000 	/System/Library/PrivateFrameworks/DFRFoundation.framework/Versions/A/DFRFoundation
0x00007fff6954a000 	/usr/lib/libicucore.A.dylib
0x00007fff32478000 	/System/Library/Frameworks/AudioToolbox.framework/Versions/A/AudioToolbox
0x00007fff3255a000 	/System/Library/Frameworks/AudioUnit.framework/Versions/A/AudioUnit
0x00007fff68887000 	/usr/lib/libauto.dylib
0x00007fff4da0a000 	/System/Library/PrivateFrameworks/DataDetectorsCore.framework/Versions/A/DataDetectorsCore
0x00007fff32cdc000 	/System/Library/Frameworks/Carbon.framework/Versions/A/Frameworks/HIToolbox.framework/Versions/A/HIToolbox
0x00007fff3f9bb000 	/System/Library/Frameworks/QuartzCore.framework/Versions/A/QuartzCore
0x00007fff3301b000 	/System/Library/Frameworks/Carbon.framework/Versions/A/Frameworks/SpeechRecognition.framework/Versions/A/SpeechRecognition
0x00007fff4d30f000 	/System/Library/PrivateFrameworks/CoreUI.framework/Versions/A/CoreUI
0x00007fff336a5000 	/System/Library/Frameworks/CoreAudio.framework/Versions/A/CoreAudio
0x00007fff364c0000 	/System/Library/Frameworks/DiskArbitration.framework/Versions/A/DiskArbitration
0x00007fff5a849000 	/System/Library/PrivateFrameworks/MultitouchSupport.framework/Versions/A/MultitouchSupport
0x00007fff69410000 	/usr/lib/libenergytrace.dylib
0x00007fff36f38000 	/System/Library/Frameworks/IOKit.framework/Versions/A/IOKit
0x00007fff35523000 	/System/Library/Frameworks/CoreServices.framework/Versions/A/CoreServices
0x00007fff5c956000 	/System/Library/PrivateFrameworks/PerformanceAnalysis.framework/Versions/A/PerformanceAnalysis
0x00007fff3e9f1000 	/System/Library/Frameworks/OpenGL.framework/Versions/A/OpenGL
0x00007fff331ca000 	/System/Library/Frameworks/ColorSync.framework/Versions/A/ColorSync
0x00007fff34c3c000 	/System/Library/Frameworks/CoreImage.framework/Versions/A/CoreImage
0x00007fff35f99000 	/System/Library/Frameworks/CoreText.framework/Versions/A/CoreText
0x00007fff37063000 	/System/Library/Frameworks/ImageIO.framework/Versions/A/ImageIO
0x00007fff689e8000 	/usr/lib/libcompression.dylib
0x00007fff68500000 	/usr/lib/libMobileGestalt.dylib
0x00007fff64010000 	/System/Library/PrivateFrameworks/TextureIO.framework/Versions/A/TextureIO
0x00007fff687ed000 	/usr/lib/libate.dylib
0x00007fff58a3d000 	/System/Library/PrivateFrameworks/InternationalSupport.framework/Versions/A/InternationalSupport
0x00007fff697be000 	/usr/lib/liblzma.5.dylib
0x00007fff69438000 	/usr/lib/libfakelink.dylib
0x00007fff6877a000 	/usr/lib/libarchive.2.dylib
0x00007fff4192c000 	/System/Library/Frameworks/SystemConfiguration.framework/Versions/A/SystemConfiguration
0x00007fff680ef000 	/usr/lib/libCRFSuite.dylib
0x00007fff328d0000 	/System/Library/Frameworks/CFNetwork.framework/Versions/A/CFNetwork
0x00007fff6894e000 	/usr/lib/libbsm.0.dylib
0x00007fff6b878000 	/usr/lib/system/libkxld.dylib
0x00007fff47440000 	/System/Library/PrivateFrameworks/AppleFSCompression.framework/Versions/A/AppleFSCompression
0x00007fff68ccf000 	/usr/lib/libcoretls.dylib
0x00007fff68ce6000 	/usr/lib/libcoretls_cfhelpers.dylib
0x00007fff6a51f000 	/usr/lib/libpam.2.dylib
0x00007fff6a652000 	/usr/lib/libsqlite3.dylib
0x00007fff6aa95000 	/usr/lib/libxar.1.dylib
0x00007fff6895f000 	/usr/lib/libbz2.1.0.dylib
0x00007fff69459000 	/usr/lib/libiconv.2.dylib
0x00007fff689d5000 	/usr/lib/libcharset.1.dylib
0x00007fff69fc6000 	/usr/lib/libnetwork.dylib
0x00007fff6a526000 	/usr/lib/libpcap.A.dylib
0x00007fff6872f000 	/usr/lib/libapple_nghttp2.dylib
0x00007fff358da000 	/System/Library/Frameworks/CoreServices.framework/Versions/A/Frameworks/FSEvents.framework/Versions/A/FSEvents
0x00007fff355aa000 	/System/Library/Frameworks/CoreServices.framework/Versions/A/Frameworks/CarbonCore.framework/Versions/A/CarbonCore
0x00007fff35b1d000 	/System/Library/Frameworks/CoreServices.framework/Versions/A/Frameworks/Metadata.framework/Versions/A/Metadata
0x00007fff35bb6000 	/System/Library/Frameworks/CoreServices.framework/Versions/A/Frameworks/OSServices.framework/Versions/A/OSServices
0x00007fff35be4000 	/System/Library/Frameworks/CoreServices.framework/Versions/A/Frameworks/SearchKit.framework/Versions/A/SearchKit
0x00007fff35524000 	/System/Library/Frameworks/CoreServices.framework/Versions/A/Frameworks/AE.framework/Versions/A/AE
0x00007fff358e3000 	/System/Library/Frameworks/CoreServices.framework/Versions/A/Frameworks/LaunchServices.framework/Versions/A/LaunchServices
0x00007fff3588c000 	/System/Library/Frameworks/CoreServices.framework/Versions/A/Frameworks/DictionaryServices.framework/Versions/A/DictionaryServices
0x00007fff35c4c000 	/System/Library/Frameworks/CoreServices.framework/Versions/A/Frameworks/SharedFileList.framework/Versions/A/SharedFileList
0x00007fff3a845000 	/System/Library/Frameworks/NetFS.framework/Versions/A/NetFS
0x00007fff5ad79000 	/System/Library/PrivateFrameworks/NetAuth.framework/Versions/A/NetAuth
0x00007fff67d8c000 	/System/Library/PrivateFrameworks/login.framework/Versions/A/Frameworks/loginsupport.framework/Versions/A/loginsupport
0x00007fff63b0b000 	/System/Library/PrivateFrameworks/TCC.framework/Versions/A/TCC
0x00007fff4c02b000 	/System/Library/PrivateFrameworks/CoreNLP.framework/Versions/A/CoreNLP
0x00007fff5a279000 	/System/Library/PrivateFrameworks/MetadataUtilities.framework/Versions/A/MetadataUtilities
0x00007fff69896000 	/usr/lib/libmecabra.dylib
0x00007fff697ee000 	/usr/lib/libmecab.dylib
0x00007fff69449000 	/usr/lib/libgermantok.dylib
0x00007fff68716000 	/usr/lib/libThaiTokenizer.dylib
0x00007fff68127000 	/usr/lib/libChineseTokenizer.dylib
0x00007fff2fef2000 	/System/Library/Frameworks/Accelerate.framework/Versions/A/Frameworks/vImage.framework/Versions/A/vImage
0x00007fff31195000 	/System/Library/Frameworks/Accelerate.framework/Versions/A/Frameworks/vecLib.framework/Versions/A/vecLib
0x00007fff310d9000 	/System/Library/Frameworks/Accelerate.framework/Versions/A/Frameworks/vecLib.framework/Versions/A/libvMisc.dylib
0x00007fff30eff000 	/System/Library/Frameworks/Accelerate.framework/Versions/A/Frameworks/vecLib.framework/Versions/A/libvDSP.dylib
0x00007fff3055e000 	/System/Library/Frameworks/Accelerate.framework/Versions/A/Frameworks/vecLib.framework/Versions/A/libBLAS.dylib
0x00007fff30ab9000 	/System/Library/Frameworks/Accelerate.framework/Versions/A/Frameworks/vecLib.framework/Versions/A/libLAPACK.dylib
0x00007fff30e5f000 	/System/Library/Frameworks/Accelerate.framework/Versions/A/Frameworks/vecLib.framework/Versions/A/libLinearAlgebra.dylib
0x00007fff30eec000 	/System/Library/Frameworks/Accelerate.framework/Versions/A/Frameworks/vecLib.framework/Versions/A/libSparseBLAS.dylib
0x00007fff30e75000 	/System/Library/Frameworks/Accelerate.framework/Versions/A/Frameworks/vecLib.framework/Versions/A/libQuadrature.dylib
0x00007fff307c8000 	/System/Library/Frameworks/Accelerate.framework/Versions/A/Frameworks/vecLib.framework/Versions/A/libBNNS.dylib
0x00007fff30e7b000 	/System/Library/Frameworks/Accelerate.framework/Versions/A/Frameworks/vecLib.framework/Versions/A/libSparse.dylib
0x00007fff58dfc000 	/System/Library/PrivateFrameworks/LanguageModeling.framework/Versions/A/LanguageModeling
0x00007fff4b9c7000 	/System/Library/PrivateFrameworks/CoreEmoji.framework/Versions/A/CoreEmoji
0x00007fff58f1a000 	/System/Library/PrivateFrameworks/LinguisticData.framework/Versions/A/LinguisticData
0x00007fff58ecb000 	/System/Library/PrivateFrameworks/Lexicon.framework/Versions/A/Lexicon
0x00007fff689d6000 	/usr/lib/libcmph.dylib
0x00007fff3d417000 	/System/Library/Frameworks/OpenDirectory.framework/Versions/A/Frameworks/CFOpenDirectory.framework/Versions/A/CFOpenDirectory
0x00007fff3d434000 	/System/Library/Frameworks/OpenDirectory.framework/Versions/A/OpenDirectory
0x00007fff45701000 	/System/Library/PrivateFrameworks/APFS.framework/Versions/A/APFS
0x00007fff40add000 	/System/Library/Frameworks/SecurityFoundation.framework/Versions/A/SecurityFoundation
0x00007fff6aa91000 	/usr/lib/libutil.dylib
0x00007fff4ccb4000 	/System/Library/PrivateFrameworks/CoreServicesStore.framework/Versions/A/CoreServicesStore
0x00007fff40b95000 	/System/Library/Frameworks/ServiceManagement.framework/Versions/A/ServiceManagement
0x00007fff48bf7000 	/System/Library/PrivateFrameworks/BackgroundTaskManagement.framework/Versions/A/BackgroundTaskManagement
0x00007fff6ab8e000 	/usr/lib/libxslt.1.dylib
0x00007fff47aa5000 	/System/Library/PrivateFrameworks/AppleSystemInfo.framework/Versions/A/AppleSystemInfo
0x00007fff37280000 	/System/Library/Frameworks/ImageIO.framework/Versions/A/Resources/libJPEG.dylib
0x00007fff3753f000 	/System/Library/Frameworks/ImageIO.framework/Versions/A/Resources/libTIFF.dylib
0x00007fff37522000 	/System/Library/Frameworks/ImageIO.framework/Versions/A/Resources/libPng.dylib
0x00007fff371c1000 	/System/Library/Frameworks/ImageIO.framework/Versions/A/Resources/libGIF.dylib
0x00007fff371c5000 	/System/Library/Frameworks/ImageIO.framework/Versions/A/Resources/libJP2.dylib
0x00007fff3753d000 	/System/Library/Frameworks/ImageIO.framework/Versions/A/Resources/libRadiance.dylib
0x00007fff69411000 	/usr/lib/libexpat.1.dylib
0x00007fff4759b000 	/System/Library/PrivateFrameworks/AppleJPEG.framework/Versions/A/AppleJPEG
0x00007fff4ff2e000 	/System/Library/PrivateFrameworks/FontServices.framework/libFontParser.dylib
0x00007fff66de3000 	/System/Library/PrivateFrameworks/WatchdogClient.framework/Versions/A/WatchdogClient
0x00007fff58489000 	/System/Library/PrivateFrameworks/IOAccelerator.framework/Versions/A/IOAccelerator
0x00007fff398fe000 	/System/Library/Frameworks/MetalPerformanceShaders.framework/Versions/A/MetalPerformanceShaders
0x00007fff54c7c000 	/System/Library/PrivateFrameworks/GPUWrangler.framework/Versions/A/GPUWrangler
0x00007fff58494000 	/System/Library/PrivateFrameworks/IOPresentment.framework/Versions/A/IOPresentment
0x00007fff4d99c000 	/System/Library/PrivateFrameworks/DSExternalDisplay.framework/Versions/A/DSExternalDisplay
0x00007fff3dd9d000 	/System/Library/Frameworks/OpenGL.framework/Versions/A/Libraries/libCoreFSCache.dylib
0x00007fff39650000 	/System/Library/Frameworks/MetalPerformanceShaders.framework/Frameworks/MPSCore.framework/Versions/A/MPSCore
0x00007fff3968d000 	/System/Library/Frameworks/MetalPerformanceShaders.framework/Frameworks/MPSImage.framework/Versions/A/MPSImage
0x00007fff3974f000 	/System/Library/Frameworks/MetalPerformanceShaders.framework/Frameworks/MPSNeuralNetwork.framework/Versions/A/MPSNeuralNetwork
0x00007fff39714000 	/System/Library/Frameworks/MetalPerformanceShaders.framework/Frameworks/MPSMatrix.framework/Versions/A/MPSMatrix
0x00007fff398af000 	/System/Library/Frameworks/MetalPerformanceShaders.framework/Frameworks/MPSRayIntersector.framework/Versions/A/MPSRayIntersector
0x00007fff39739000 	/System/Library/Frameworks/MetalPerformanceShaders.framework/Frameworks/MPSNDArray.framework/Versions/A/MPSNDArray
0x00007fff5a2c6000 	/System/Library/PrivateFrameworks/MetalTools.framework/Versions/A/MetalTools
0x00007fff468c6000 	/System/Library/PrivateFrameworks/AggregateDictionary.framework/Versions/A/AggregateDictionary
0x00007fff4b451000 	/System/Library/PrivateFrameworks/CoreAnalytics.framework/Versions/A/CoreAnalytics
0x00007fff479c3000 	/System/Library/PrivateFrameworks/AppleSauce.framework/Versions/A/AppleSauce
0x00007fff683e3000 	/usr/lib/libIOReport.dylib
0x00007fff3614e000 	/System/Library/Frameworks/CoreVideo.framework/Versions/A/CoreVideo
0x00007fff560ea000 	/System/Library/PrivateFrameworks/GraphVisualizer.framework/Versions/A/GraphVisualizer
0x00007fff4f4af000 	/System/Library/PrivateFrameworks/FaceCore.framework/Versions/A/FaceCore
0x00007fff3d3be000 	/System/Library/Frameworks/OpenCL.framework/Versions/A/OpenCL
0x00007fff68205000 	/usr/lib/libFosl_dynamic.dylib
0x00007fff5b774000 	/System/Library/PrivateFrameworks/OTSVG.framework/Versions/A/OTSVG
0x00007fff3224b000 	/System/Library/Frameworks/ApplicationServices.framework/Versions/A/Frameworks/ATS.framework/Versions/A/Resources/libFontRegistry.dylib
0x00007fff500ff000 	/System/Library/PrivateFrameworks/FontServices.framework/libhvf.dylib
0x00007fff3dda8000 	/System/Library/Frameworks/OpenGL.framework/Versions/A/Libraries/libGFXShared.dylib
0x00007fff3df85000 	/System/Library/Frameworks/OpenGL.framework/Versions/A/Libraries/libGLU.dylib
0x00007fff3ddb1000 	/System/Library/Frameworks/OpenGL.framework/Versions/A/Libraries/libGL.dylib
0x00007fff3ddbc000 	/System/Library/Frameworks/OpenGL.framework/Versions/A/Libraries/libGLImage.dylib
0x00007fff3dd9a000 	/System/Library/Frameworks/OpenGL.framework/Versions/A/Libraries/libCVMSPluginSupport.dylib
0x00007fff3dda3000 	/System/Library/Frameworks/OpenGL.framework/Versions/A/Libraries/libCoreVMClient.dylib
0x00007fff69e68000 	/usr/lib/libncurses.5.4.dylib
0x00007fff32147000 	/System/Library/Frameworks/ApplicationServices.framework/Versions/A/Frameworks/ATS.framework/Versions/A/ATS
0x00007fff32314000 	/System/Library/Frameworks/ApplicationServices.framework/Versions/A/Frameworks/ColorSyncLegacy.framework/Versions/A/ColorSyncLegacy
0x00007fff323b3000 	/System/Library/Frameworks/ApplicationServices.framework/Versions/A/Frameworks/HIServices.framework/Versions/A/HIServices
0x00007fff3240a000 	/System/Library/Frameworks/ApplicationServices.framework/Versions/A/Frameworks/LangAnalysis.framework/Versions/A/LangAnalysis
0x00007fff32419000 	/System/Library/Frameworks/ApplicationServices.framework/Versions/A/Frameworks/PrintCore.framework/Versions/A/PrintCore
0x00007fff3245f000 	/System/Library/Frameworks/ApplicationServices.framework/Versions/A/Frameworks/QD.framework/Versions/A/QD
0x00007fff3246a000 	/System/Library/Frameworks/ApplicationServices.framework/Versions/A/Frameworks/SpeechSynthesis.framework/Versions/A/SpeechSynthesis
0x00007fff322e4000 	/System/Library/Frameworks/ApplicationServices.framework/Versions/A/Frameworks/ATSUI.framework/Versions/A/ATSUI
0x00007fff692a5000 	/usr/lib/libcups.2.dylib
0x00007fff389ad000 	/System/Library/Frameworks/Kerberos.framework/Versions/A/Kerberos
0x00007fff36c2d000 	/System/Library/Frameworks/GSS.framework/Versions/A/GSS
0x00007fff6a5de000 	/usr/lib/libresolv.9.dylib
0x00007fff5628b000 	/System/Library/PrivateFrameworks/Heimdal.framework/Versions/A/Heimdal
0x00007fff389c0000 	/System/Library/Frameworks/Kerberos.framework/Versions/A/Libraries/libHeimdalProxy.dylib
0x00007fff6944f000 	/usr/lib/libheimdal-asn1.dylib
0x00007fff4a8f7000 	/System/Library/PrivateFrameworks/CommonAuth.framework/Versions/A/CommonAuth
0x00007fff47b42000 	/System/Library/PrivateFrameworks/AssertionServices.framework/Versions/A/AssertionServices
0x00007fff486e5000 	/System/Library/PrivateFrameworks/AudioToolboxCore.framework/Versions/A/AudioToolboxCore
0x00007fff67a3d000 	/System/Library/PrivateFrameworks/caulk.framework/Versions/A/caulk
0x00007fff48ca3000 	/System/Library/PrivateFrameworks/BaseBoard.framework/Versions/A/BaseBoard
0x00007fff5f899000 	/System/Library/PrivateFrameworks/RunningBoardServices.framework/Versions/A/RunningBoardServices
0x00007fff5c962000 	/System/Library/PrivateFrameworks/PersistentConnection.framework/Versions/A/PersistentConnection
0x00007fff5f2e8000 	/System/Library/PrivateFrameworks/ProtocolBuffer.framework/Versions/A/ProtocolBuffer
0x00007fff4a91c000 	/System/Library/PrivateFrameworks/CommonUtilities.framework/Versions/A/CommonUtilities
0x00007fff48e26000 	/System/Library/PrivateFrameworks/Bom.framework/Versions/A/Bom
0x00007fff680b2000 	/usr/lib/libAudioToolboxUtility.dylib
0x00007fff48c01000 	/System/Library/PrivateFrameworks/Backup.framework/Versions/A/Backup
0x00007fff4d70c000 	/System/Library/PrivateFrameworks/CrashReporterSupport.framework/Versions/A/CrashReporterSupport
0x00007fff61395000 	/System/Library/PrivateFrameworks/Sharing.framework/Versions/A/Sharing
0x00007fff472e6000 	/System/Library/PrivateFrameworks/Apple80211.framework/Versions/A/Apple80211
0x00007fff48923000 	/System/Library/PrivateFrameworks/AuthKit.framework/Versions/A/AuthKit
0x00007fff4d43c000 	/System/Library/PrivateFrameworks/CoreUtils.framework/Versions/A/CoreUtils
0x00007fff36193000 	/System/Library/Frameworks/CoreWLAN.framework/Versions/A/CoreWLAN
0x00007fff36db9000 	/System/Library/Frameworks/IOBluetooth.framework/Versions/A/IOBluetooth
0x00007fff5a5c4000 	/System/Library/PrivateFrameworks/MobileKeyBag.framework/Versions/A/MobileKeyBag
0x00007fff4c507000 	/System/Library/PrivateFrameworks/CorePhoneNumbers.framework/Versions/A/CorePhoneNumbers
0x00007fff4754e000 	/System/Library/PrivateFrameworks/AppleIDAuthSupport.framework/Versions/A/AppleIDAuthSupport
0x00007fff3a852000 	/System/Library/Frameworks/Network.framework/Versions/A/Network
0x00007fff58c84000 	/System/Library/PrivateFrameworks/KeychainCircle.framework/Versions/A/KeychainCircle
0x00007fff33c07000 	/System/Library/Frameworks/CoreBluetooth.framework/Versions/A/CoreBluetooth
0x00007fff63011000 	/System/Library/PrivateFrameworks/SpeechRecognitionCore.framework/Versions/A/SpeechRecognitionCore
0x0000000102400000 	/Library/Java/JavaVirtualMachines/jdk-13.0.2.jdk/Contents/Home/lib/server/libjvm.dylib
0x0000000101b8e000 	/Library/Java/JavaVirtualMachines/jdk-13.0.2.jdk/Contents/Home/lib/libverify.dylib
0x0000000101b9a000 	/Library/Java/JavaVirtualMachines/jdk-13.0.2.jdk/Contents/Home/lib/libjava.dylib
0x00000001031d5000 	/Library/Java/JavaVirtualMachines/jdk-13.0.2.jdk/Contents/Home/lib/libjdwp.dylib
0x0000000101bd6000 	/Library/Java/JavaVirtualMachines/jdk-13.0.2.jdk/Contents/Home/lib/libinstrument.dylib
0x0000000101be8000 	/Library/Java/JavaVirtualMachines/jdk-13.0.2.jdk/Contents/Home/lib/libzip.dylib
0x0000000101bef000 	/Library/Java/JavaVirtualMachines/jdk-13.0.2.jdk/Contents/Home/lib/libjimage.dylib
0x0000000105217000 	/Library/Java/JavaVirtualMachines/jdk-13.0.2.jdk/Contents/Home/lib/libdt_socket.dylib
0x0000000105320000 	/Library/Java/JavaVirtualMachines/jdk-13.0.2.jdk/Contents/Home/lib/libnio.dylib
0x000000010532e000 	/Library/Java/JavaVirtualMachines/jdk-13.0.2.jdk/Contents/Home/lib/libnet.dylib


VM Arguments:
jvm_args: -agentlib:jdwp=transport=dt_socket,suspend=y,address=localhost:50936 -javaagent:/Applications/SpringToolSuite4.app/Contents/Eclipse/configuration/org.eclipse.osgi/235/0/.cp/lib/javaagent-shaded.jar -Dfile.encoding=UTF-8 
java_command: DrawingStuff
java_class_path (initial): /Users/jeffreydowds/Documents/java-learning/bin
Launcher Type: SUN_STANDARD

[Global flags]
     intx CICompilerCount                          = 3                                         {product} {ergonomic}
     uint ConcGCThreads                            = 1                                         {product} {ergonomic}
     uint G1ConcRefinementThreads                  = 4                                         {product} {ergonomic}
   size_t G1HeapRegionSize                         = 1048576                                   {product} {ergonomic}
    uintx GCDrainStackTargetSize                   = 64                                        {product} {ergonomic}
   size_t InitialHeapSize                          = 134217728                                 {product} {ergonomic}
   size_t MarkStackSize                            = 4194304                                   {product} {ergonomic}
   size_t MaxHeapSize                              = 2147483648                                {product} {ergonomic}
   size_t MaxNewSize                               = 1287651328                                {product} {ergonomic}
   size_t MinHeapDeltaBytes                        = 1048576                                   {product} {ergonomic}
   size_t MinHeapSize                              = 8388608                                   {product} {ergonomic}
    uintx NonNMethodCodeHeapSize                   = 5832780                                {pd product} {ergonomic}
    uintx NonProfiledCodeHeapSize                  = 122912730                              {pd product} {ergonomic}
    uintx ProfiledCodeHeapSize                     = 122912730                              {pd product} {ergonomic}
    uintx ReservedCodeCacheSize                    = 251658240                              {pd product} {ergonomic}
     bool SegmentedCodeCache                       = true                                      {product} {ergonomic}
   size_t SoftMaxHeapSize                          = 2147483648                             {manageable} {ergonomic}
     bool UseCompressedClassPointers               = true                                 {lp64_product} {ergonomic}
     bool UseCompressedOops                        = true                                 {lp64_product} {ergonomic}
     bool UseG1GC                                  = true                                      {product} {ergonomic}

Logging:
Log output configuration:
 #0: stdout all=warning uptime,level,tags
 #1: stderr all=off uptime,level,tags

Environment Variables:
PATH=/usr/bin:/bin:/usr/sbin:/sbin
SHELL=/bin/bash

Signal Handlers:
SIGSEGV: [libjvm.dylib+0x77ba40], sa_mask[0]=11111111011111110111111111111111, sa_flags=SA_ONSTACK|SA_RESTART|SA_SIGINFO
SIGBUS: [libjvm.dylib+0x77ba40], sa_mask[0]=11111111011111110111111111111111, sa_flags=SA_RESTART|SA_SIGINFO
SIGFPE: [libjvm.dylib+0x77ba40], sa_mask[0]=11111111011111110111111111111111, sa_flags=SA_RESTART|SA_SIGINFO
SIGPIPE: [libjvm.dylib+0x6221fd], sa_mask[0]=11111111011111110111111111111111, sa_flags=SA_RESTART|SA_SIGINFO
SIGXFSZ: [libjvm.dylib+0x6221fd], sa_mask[0]=11111111011111110111111111111111, sa_flags=SA_RESTART|SA_SIGINFO
SIGILL: [libjvm.dylib+0x77ba40], sa_mask[0]=11111111011111110111111111111111, sa_flags=SA_RESTART|SA_SIGINFO
SIGUSR2: [libjvm.dylib+0x6227e7], sa_mask[0]=00100000000000000000000000000000, sa_flags=SA_RESTART|SA_SIGINFO
SIGHUP: [libjvm.dylib+0x6217d5], sa_mask[0]=11111111011111110111111111111111, sa_flags=SA_RESTART|SA_SIGINFO
SIGINT: [libjvm.dylib+0x6217d5], sa_mask[0]=11111111011111110111111111111111, sa_flags=SA_RESTART|SA_SIGINFO
SIGTERM: [libjvm.dylib+0x6217d5], sa_mask[0]=11111111011111110111111111111111, sa_flags=SA_RESTART|SA_SIGINFO
SIGQUIT: [libjvm.dylib+0x6217d5], sa_mask[0]=11111111011111110111111111111111, sa_flags=SA_RESTART|SA_SIGINFO


---------------  S Y S T E M  ---------------

OS:uname:Darwin 19.3.0 Darwin Kernel Version 19.3.0: Thu Jan  9 20:58:23 PST 2020; root:xnu-6153.81.5~1/RELEASE_X86_64 x86_64
rlimit: STACK 8192k, CORE 0k, NPROC 1392, NOFILE 10240, AS infinity, DATA infinity, FSIZE infinity
load average:1.50 1.54 1.72

CPU:total 4 (initial active 4) (2 cores per cpu, 2 threads per core) family 6 model 61 stepping 4, cmov, cx8, fxsr, mmx, sse, sse2, sse3, ssse3, sse4.1, sse4.2, popcnt, avx, avx2, aes, clmul, erms, rtm, 3dnowpref, lzcnt, ht, tsc, tscinvbit, bmi1, bmi2, adx, fma

Memory: 4k page, physical 8388608k(2972828k free), swap 1048576k(804864k free)

vm_info: Java HotSpot(TM) 64-Bit Server VM (13.0.2+8) for bsd-amd64 JRE (13.0.2+8), built on Dec 11 2019 09:27:08 by "mach5one" with clang 4.2.1 Compatible Apple LLVM 10.0.0 (clang-1000.11.45.5)

END.
